Сборка начата 26.12.2019 10:19:44.
     1>Проект "C:\Users\пользователь\documents\visual studio 2013\Projects\ALG_3_8\ALG_3_8\ALG_3_8.vcxproj" в узле 2 (целевые объекты Build).
     1>ClCompile:
         C:\Program Files (x86)\Microsoft Visual Studio 12.0\VC\bin\CL.exe /c /AI"C:\Program Files (x86)\Reference Assemblies\Microsoft\Framework\.NETFramework\v4.5\\" /AI"C:\Program Files (x86)\Windows Kits\8.1\References\CommonConfiguration\Neutral" /AI"C:\Program Files (x86)\Reference Assemblies\Microsoft\Framework\.NETFramework\v4.5\Facades\\" /Zi /clr /nologo /W3 /WX- /Od /Oy- /D WIN32 /D _DEBUG /D _UNICODE /D UNICODE /EHa /MDd /GS /fp:precise /Zc:wchar_t /Zc:forScope /Fo"Debug\\" /Fd"Debug\vc120.pdb" /TP /FU"C:\Program Files (x86)\Reference Assemblies\Microsoft\Framework\.NETFramework\v4.5\mscorlib.dll" /FU"C:\Program Files (x86)\Reference Assemblies\Microsoft\Framework\.NETFramework\v4.5\System.Data.dll" /FU"C:\Program Files (x86)\Reference Assemblies\Microsoft\Framework\.NETFramework\v4.5\System.dll" /FU"C:\Program Files (x86)\Reference Assemblies\Microsoft\Framework\.NETFramework\v4.5\System.Drawing.dll" /FU"C:\Program Files (x86)\Reference Assemblies\Microsoft\Framework\.NETFramework\v4.5\System.Windows.Forms.dll" /FU"C:\Program Files (x86)\Reference Assemblies\Microsoft\Framework\.NETFramework\v4.5\System.Xml.dll" /analyze- /errorReport:prompt /clr:nostdlib MyForm.cpp PointG.cpp
         MyForm.cpp
     1>c:\users\пользователь\documents\visual studio 2013\projects\alg_3_8\alg_3_8\MyForm.h(58): warning C4244: инициализация: преобразование "double" в "int", возможна потеря данных
     1>c:\users\пользователь\documents\visual studio 2013\projects\alg_3_8\alg_3_8\MyForm.h(70): warning C4244: return: преобразование "double" в "int", возможна потеря данных
     1>c:\users\пользователь\documents\visual studio 2013\projects\alg_3_8\alg_3_8\MyForm.h(278): warning C4244: инициализация: преобразование "wchar_t" в "char", возможна потеря данных
     1>c:\users\пользователь\documents\visual studio 2013\projects\alg_3_8\alg_3_8\MyForm.h(373): warning C4244: аргумент: преобразование "double" в "int", возможна потеря данных
     1>c:\users\пользователь\documents\visual studio 2013\projects\alg_3_8\alg_3_8\MyForm.h(375): warning C4244: аргумент: преобразование "double" в "float", возможна потеря данных
     1>c:\users\пользователь\documents\visual studio 2013\projects\alg_3_8\alg_3_8\MyForm.h(443): warning C4018: <: несоответствие типов со знаком и без знака
     1>MyForm.cpp(7): warning C4829: Возможно, неправильные параметры функции main. Рекомендуемый вариант - "int main(Platform::Array<Platform::String^>^ argv)"
         PointG.cpp
         Создание кода...
       Link:
         C:\Program Files (x86)\Microsoft Visual Studio 12.0\VC\bin\link.exe /ERRORREPORT:PROMPT /OUT:"C:\Users\пользователь\documents\visual studio 2013\Projects\ALG_3_8\Debug\ALG_3_8.exe" /INCREMENTAL /NOLOGO /ASSEMBLYRESOURCE:Debug\ALG_3_8.MyForm.resources /MANIFEST /MANIFESTUAC:"level='asInvoker' uiAccess='false'" /manifest:embed /DEBUG /PDB:"C:\Users\пользователь\documents\visual studio 2013\Projects\ALG_3_8\Debug\ALG_3_8.pdb" /ASSEMBLYDEBUG /SUBSYSTEM:WINDOWS /TLBID:1 /ENTRY:"main" /DYNAMICBASE /FIXED:NO /NXCOMPAT /MACHINE:X86 Debug\MyForm.obj
         Debug\PointG.obj
         "Debug\.NETFramework,Version=v4.5.AssemblyAttributes.obj"
         ALG_3_8.vcxproj -> C:\Users\пользователь\documents\visual studio 2013\Projects\ALG_3_8\Debug\ALG_3_8.exe
     1>Сборка проекта "C:\Users\пользователь\documents\visual studio 2013\Projects\ALG_3_8\ALG_3_8\ALG_3_8.vcxproj" завершена (целевые объекты Build).

Сборка успешно завершена.

Затраченное время: 00:00:03.09
